Welcome to the Chess Game!
   a   b   c   d   e   f   g   h
 +---+---+---+---+---+---+---+---+
8|   |   |   |   |   |   |   |   |8
 +---+---+---+---+---+---+---+---+
7|   |   |   |   |   |   |   |   |7
 +---+---+---+---+---+---+---+---+
6|   |   |   |   |   |   |   |   |6
 +---+---+---+---+---+---+---+---+
5|   |   |   |   |   |   |   |   |5
 +---+---+---+---+---+---+---+---+
4|   |   |   |   |   |   |   |   |4
 +---+---+---+---+---+---+---+---+
3|   |   |   |   |   |   |   |   |3
 +---+---+---+---+---+---+---+---+
2|   |   |   |   |   |   |   |   |2
 +---+---+---+---+---+---+---+---+
1|   |   |   |   |   |   |   |   |1
 +---+---+---+---+---+---+---+---+
   a   b   c   d   e   f   g   h
Enter a chess piece and its position or type X to exit:
Enter a chess piece and its position or type X to exit:
Enter a chess piece and its position or type X to exit:
   a   b   c   d   e   f   g   h
 +---+---+---+---+---+---+---+---+
8|   | x |   |   |   |   |   | x |8
 +---+---+---+---+---+---+---+---+
7|   |   | x |   |   |   | x |   |7
 +---+---+---+---+---+---+---+---+
6|   |   |   | x |   | x |   |   |6
 +---+---+---+---+---+---+---+---+
5|   |   |   |   | B |   |   |   |5
 +---+---+---+---+---+---+---+---+
4|   |   |   | x |   | x |   |   |4
 +---+---+---+---+---+---+---+---+
3|   |   | x |   |   |   | x |   |3
 +---+---+---+---+---+---+---+---+
2|   | x |   |   |   |   |   | x |2
 +---+---+---+---+---+---+---+---+
1| x |   |   |   |   |   |   |   |1
 +---+---+---+---+---+---+---+---+
   a   b   c   d   e   f   g   h
Enter a chess piece and its position or type X to exit:
Enter a chess piece and its position or type X to exit:
Enter a chess piece and its position or type X to exit:
   a   b   c   d   e   f   g   h
 +---+---+---+---+---+---+---+---+
8|   |   |   |   |   |   |   |   |8
 +---+---+---+---+---+---+---+---+
7|   |   |   |   |   |   |   |   |7
 +---+---+---+---+---+---+---+---+
6|   |   |   |   |   |   |   |   |6
 +---+---+---+---+---+---+---+---+
5| x |   |   |   |   |   |   |   |5
 +---+---+---+---+---+---+---+---+
4|   | x |   |   |   |   |   | x |4
 +---+---+---+---+---+---+---+---+
3|   |   | x |   |   |   | x |   |3
 +---+---+---+---+---+---+---+---+
2|   |   |   | x |   | x |   |   |2
 +---+---+---+---+---+---+---+---+
1|   |   |   |   | B |   |   |   |1
 +---+---+---+---+---+---+---+---+
   a   b   c   d   e   f   g   h
Enter a chess piece and its position or type X to exit:
Enter a chess piece and its position or type X to exit:
   a   b   c   d   e   f   g   h
 +---+---+---+---+---+---+---+---+
8| x | x | R | x | x | x | x | x |8
 +---+---+---+---+---+---+---+---+
7|   |   | x |   |   |   |   |   |7
 +---+---+---+---+---+---+---+---+
6|   |   | x |   |   |   |   |   |6
 +---+---+---+---+---+---+---+---+
5|   |   | x |   |   |   |   |   |5
 +---+---+---+---+---+---+---+---+
4|   |   | x |   |   |   |   |   |4
 +---+---+---+---+---+---+---+---+
3|   |   | x |   |   |   |   |   |3
 +---+---+---+---+---+---+---+---+
2|   |   | x |   |   |   |   |   |2
 +---+---+---+---+---+---+---+---+
1|   |   | x |   |   |   |   |   |1
 +---+---+---+---+---+---+---+---+
   a   b   c   d   e   f   g   h
Enter a chess piece and its position or type X to exit:
   a   b   c   d   e   f   g   h
 +---+---+---+---+---+---+---+---+
8|   |   |   |   |   |   |   |   |8
 +---+---+---+---+---+---+---+---+
7|   |   |   |   |   |   |   |   |7
 +---+---+---+---+---+---+---+---+
6|   |   |   |   |   |   |   |   |6
 +---+---+---+---+---+---+---+---+
5|   |   |   |   |   |   |   |   |5
 +---+---+---+---+---+---+---+---+
4|   |   | x |   | x |   |   |   |4
 +---+---+---+---+---+---+---+---+
3|   | x |   |   |   | x |   |   |3
 +---+---+---+---+---+---+---+---+
2|   |   |   | N |   |   |   |   |2
 +---+---+---+---+---+---+---+---+
1|   | x |   |   |   | x |   |   |1
 +---+---+---+---+---+---+---+---+
   a   b   c   d   e   f   g   h
Enter a chess piece and its position or type X to exit:
Goodbye!
